<?xml version="1.0" encoding="UTF-8"?>
<coverage generated="1724983354433" clover="3.2.0">
  <project timestamp="1724983354434" name="All files">
    <metrics statements="90" coveredstatements="73" conditionals="6" coveredconditionals="1" methods="27" coveredmethods="20" elements="123" coveredelements="94" complexity="0" loc="90" ncloc="90" packages="7" files="13" classes="13"/>
    <package name="src">
      <metrics statements="11" coveredstatements="9" conditionals="0" coveredconditionals="0" methods="1" coveredmethods="0"/>
      <file name="app.ts" path="/mnt/wsl/docker-desktop-bind-mounts/Ubuntu/852fc9a614ea644a3e7b04460fde53c69643abb3e2dcec68958905485c9154d1/src/app.ts">
        <metrics statements="11" coveredstatements="9" conditionals="0" coveredconditionals="0" methods="1" coveredmethods="0"/>
        <line num="2" count="1" type="stmt"/>
        <line num="3" count="1" type="stmt"/>
        <line num="4" count="1" type="stmt"/>
        <line num="6" count="1" type="stmt"/>
        <line num="8" count="1" type="stmt"/>
        <line num="10" count="1" type="stmt"/>
        <line num="12" count="1" type="stmt"/>
        <line num="15" count="1" type="stmt"/>
        <line num="16" count="0" type="stmt"/>
        <line num="17" count="0" type="stmt"/>
        <line num="20" count="1" type="stmt"/>
      </file>
    </package>
    <package name="src.controllers">
      <metrics statements="26" coveredstatements="18" conditionals="0" coveredconditionals="0" methods="6" coveredmethods="5"/>
      <file name="roomController.ts" path="/mnt/wsl/docker-desktop-bind-mounts/Ubuntu/852fc9a614ea644a3e7b04460fde53c69643abb3e2dcec68958905485c9154d1/src/controllers/roomController.ts">
        <metrics statements="18" coveredstatements="15" conditionals="0" coveredconditionals="0" methods="4" coveredmethods="4"/>
        <line num="2" count="1" type="stmt"/>
        <line num="9" count="1" type="stmt"/>
        <line num="13" count="2" type="stmt"/>
        <line num="15" count="2" type="stmt"/>
        <line num="16" count="2" type="stmt"/>
        <line num="17" count="2" type="stmt"/>
        <line num="19" count="0" type="stmt"/>
        <line num="24" count="1" type="stmt"/>
        <line num="26" count="1" type="stmt"/>
        <line num="27" count="1" type="stmt"/>
        <line num="28" count="1" type="stmt"/>
        <line num="30" count="0" type="stmt"/>
        <line num="35" count="1" type="stmt"/>
        <line num="37" count="1" type="stmt"/>
        <line num="38" count="1" type="stmt"/>
        <line num="39" count="1" type="stmt"/>
        <line num="41" count="0" type="stmt"/>
        <line num="46" count="1" type="stmt"/>
      </file>
      <file name="userController.ts" path="/mnt/wsl/docker-desktop-bind-mounts/Ubuntu/852fc9a614ea644a3e7b04460fde53c69643abb3e2dcec68958905485c9154d1/src/controllers/userController.ts">
        <metrics statements="8" coveredstatements="3" conditionals="0" coveredconditionals="0" methods="2" coveredmethods="1"/>
        <line num="2" count="1" type="stmt"/>
        <line num="8" count="1" type="stmt"/>
        <line num="12" count="0" type="stmt"/>
        <line num="14" count="0" type="stmt"/>
        <line num="15" count="0" type="stmt"/>
        <line num="16" count="0" type="stmt"/>
        <line num="18" count="0" type="stmt"/>
        <line num="23" count="1" type="stmt"/>
      </file>
    </package>
    <package name="src.models">
      <metrics statements="11" coveredstatements="8" conditionals="0" coveredconditionals="0" methods="3" coveredmethods="2"/>
      <file name="room.ts" path="/mnt/wsl/docker-desktop-bind-mounts/Ubuntu/852fc9a614ea644a3e7b04460fde53c69643abb3e2dcec68958905485c9154d1/src/models/room.ts">
        <metrics statements="2" coveredstatements="2" conditionals="0" coveredconditionals="0" methods="1" coveredmethods="1"/>
        <line num="1" count="1" type="stmt"/>
        <line num="5" count="1" type="stmt"/>
      </file>
      <file name="time.ts" path="/mnt/wsl/docker-desktop-bind-mounts/Ubuntu/852fc9a614ea644a3e7b04460fde53c69643abb3e2dcec68958905485c9154d1/src/models/time.ts">
        <metrics statements="5" coveredstatements="5" conditionals="0" coveredconditionals="0" methods="1" coveredmethods="1"/>
        <line num="1" count="1" type="stmt"/>
        <line num="8" count="2" type="stmt"/>
        <line num="9" count="2" type="stmt"/>
        <line num="10" count="2" type="stmt"/>
        <line num="11" count="2" type="stmt"/>
      </file>
      <file name="user.ts" path="/mnt/wsl/docker-desktop-bind-mounts/Ubuntu/852fc9a614ea644a3e7b04460fde53c69643abb3e2dcec68958905485c9154d1/src/models/user.ts">
        <metrics statements="4" coveredstatements="1" conditionals="0" coveredconditionals="0" methods="1" coveredmethods="0"/>
        <line num="1" count="1" type="stmt"/>
        <line num="7" count="0" type="stmt"/>
        <line num="8" count="0" type="stmt"/>
        <line num="9" count="0" type="stmt"/>
      </file>
    </package>
    <package name="src.repositories">
      <metrics statements="10" coveredstatements="8" conditionals="6" coveredconditionals="1" methods="6" coveredmethods="4"/>
      <file name="roomRepository.ts" path="/mnt/wsl/docker-desktop-bind-mounts/Ubuntu/852fc9a614ea644a3e7b04460fde53c69643abb3e2dcec68958905485c9154d1/src/repositories/roomRepository.ts">
        <metrics statements="6" coveredstatements="6" conditionals="2" coveredconditionals="1" methods="4" coveredmethods="4"/>
        <line num="3" count="1" type="stmt"/>
        <line num="7" count="2" type="stmt"/>
        <line num="18" count="1" type="stmt"/>
        <line num="22" count="2" type="stmt"/>
        <line num="36" count="1" type="stmt"/>
        <line num="44" count="1" type="stmt"/>
      </file>
      <file name="userRepository.ts" path="/mnt/wsl/docker-desktop-bind-mounts/Ubuntu/852fc9a614ea644a3e7b04460fde53c69643abb3e2dcec68958905485c9154d1/src/repositories/userRepository.ts">
        <metrics statements="4" coveredstatements="2" conditionals="4" coveredconditionals="0" methods="2" coveredmethods="0"/>
        <line num="2" count="1" type="stmt"/>
        <line num="6" count="0" type="stmt"/>
        <line num="16" count="0" type="stmt"/>
        <line num="22" count="1" type="stmt"/>
      </file>
    </package>
    <package name="src.routes">
      <metrics statements="12" coveredstatements="12" conditionals="0" coveredconditionals="0" methods="4" coveredmethods="3"/>
      <file name="roomRoutes.ts" path="/mnt/wsl/docker-desktop-bind-mounts/Ubuntu/852fc9a614ea644a3e7b04460fde53c69643abb3e2dcec68958905485c9154d1/src/routes/roomRoutes.ts">
        <metrics statements="7" coveredstatements="7" conditionals="0" coveredconditionals="0" methods="3" coveredmethods="3"/>
        <line num="1" count="1" type="stmt"/>
        <line num="2" count="1" type="stmt"/>
        <line num="4" count="1" type="stmt"/>
        <line num="6" count="2" type="stmt"/>
        <line num="8" count="1" type="stmt"/>
        <line num="10" count="1" type="stmt"/>
        <line num="12" count="1" type="stmt"/>
      </file>
      <file name="userRoutes.ts" path="/mnt/wsl/docker-desktop-bind-mounts/Ubuntu/852fc9a614ea644a3e7b04460fde53c69643abb3e2dcec68958905485c9154d1/src/routes/userRoutes.ts">
        <metrics statements="5" coveredstatements="5" conditionals="0" coveredconditionals="0" methods="1" coveredmethods="0"/>
        <line num="1" count="1" type="stmt"/>
        <line num="2" count="1" type="stmt"/>
        <line num="4" count="1" type="stmt"/>
        <line num="6" count="1" type="stmt"/>
        <line num="8" count="1" type="stmt"/>
      </file>
    </package>
    <package name="src.services">
      <metrics statements="17" coveredstatements="15" conditionals="0" coveredconditionals="0" methods="7" coveredmethods="6"/>
      <file name="roomService.ts" path="/mnt/wsl/docker-desktop-bind-mounts/Ubuntu/852fc9a614ea644a3e7b04460fde53c69643abb3e2dcec68958905485c9154d1/src/services/roomService.ts">
        <metrics statements="11" coveredstatements="11" conditionals="0" coveredconditionals="0" methods="5" coveredmethods="5"/>
        <line num="1" count="1" type="stmt"/>
        <line num="2" count="1" type="stmt"/>
        <line num="3" count="1" type="stmt"/>
        <line num="9" count="1" type="stmt"/>
        <line num="13" count="2" type="stmt"/>
        <line num="17" count="1" type="stmt"/>
        <line num="18" count="1" type="stmt"/>
        <line num="19" count="2" type="stmt"/>
        <line num="26" count="1" type="stmt"/>
        <line num="30" count="1" type="stmt"/>
        <line num="34" count="1" type="stmt"/>
      </file>
      <file name="userService.ts" path="/mnt/wsl/docker-desktop-bind-mounts/Ubuntu/852fc9a614ea644a3e7b04460fde53c69643abb3e2dcec68958905485c9154d1/src/services/userService.ts">
        <metrics statements="6" coveredstatements="4" conditionals="0" coveredconditionals="0" methods="2" coveredmethods="1"/>
        <line num="1" count="1" type="stmt"/>
        <line num="2" count="1" type="stmt"/>
        <line num="8" count="1" type="stmt"/>
        <line num="12" count="0" type="stmt"/>
        <line num="14" count="0" type="stmt"/>
        <line num="18" count="1" type="stmt"/>
      </file>
    </package>
    <package name="src.utils">
      <metrics statements="3" coveredstatements="3" conditionals="0" coveredconditionals="0" methods="0" coveredmethods="0"/>
      <file name="prisma.ts" path="/mnt/wsl/docker-desktop-bind-mounts/Ubuntu/852fc9a614ea644a3e7b04460fde53c69643abb3e2dcec68958905485c9154d1/src/utils/prisma.ts">
        <metrics statements="3" coveredstatements="3" conditionals="0" coveredconditionals="0" methods="0" coveredmethods="0"/>
        <line num="1" count="1" type="stmt"/>
        <line num="3" count="1" type="stmt"/>
        <line num="5" count="1" type="stmt"/>
      </file>
    </package>
  </project>
</coverage>
