{"/mnt/wsl/docker-desktop-bind-mounts/Ubuntu/852fc9a614ea644a3e7b04460fde53c69643abb3e2dcec68958905485c9154d1/src/app.ts": {"path":"/mnt/wsl/docker-desktop-bind-mounts/Ubuntu/852fc9a614ea644a3e7b04460fde53c69643abb3e2dcec68958905485c9154d1/src/app.ts","statementMap":{"0":{"start":{"line":2,"column":0},"end":{"line":2,"column":30}},"1":{"start":{"line":3,"column":0},"end":{"line":3,"column":45}},"2":{"start":{"line":4,"column":0},"end":{"line":4,"column":45}},"3":{"start":{"line":6,"column":12},"end":{"line":6,"column":21}},"4":{"start":{"line":8,"column":0},"end":{"line":8,"column":24}},"5":{"start":{"line":10,"column":0},"end":{"line":10,"column":34}},"6":{"start":{"line":12,"column":0},"end":{"line":12,"column":33}},"7":{"start":{"line":15,"column":0},"end":{"line":18,"column":null}},"8":{"start":{"line":16,"column":2},"end":{"line":16,"column":27}},"9":{"start":{"line":17,"column":2},"end":{"line":17,"column":null}},"10":{"start":{"line":20,"column":0},"end":{"line":20,"column":19}}},"fnMap":{"0":{"name":"(anonymous_1)","decl":{"start":{"line":15,"column":8},"end":{"line":15,"column":9}},"loc":{"start":{"line":15,"column":94},"end":{"line":18,"column":1}}}},"branchMap":{},"s":{"0":1,"1":1,"2":1,"3":1,"4":1,"5":1,"6":1,"7":1,"8":0,"9":0,"10":1},"f":{"0":0},"b":{}}
,"/mnt/wsl/docker-desktop-bind-mounts/Ubuntu/852fc9a614ea644a3e7b04460fde53c69643abb3e2dcec68958905485c9154d1/src/controllers/roomController.ts": {"path":"/mnt/wsl/docker-desktop-bind-mounts/Ubuntu/852fc9a614ea644a3e7b04460fde53c69643abb3e2dcec68958905485c9154d1/src/controllers/roomController.ts","statementMap":{"0":{"start":{"line":2,"column":0},"end":{"line":2,"column":50}},"1":{"start":{"line":9,"column":4},"end":{"line":9,"column":41}},"2":{"start":{"line":13,"column":23},"end":{"line":13,"column":33}},"3":{"start":{"line":15,"column":4},"end":{"line":20,"column":5}},"4":{"start":{"line":16,"column":19},"end":{"line":16,"column":57}},"5":{"start":{"line":17,"column":6},"end":{"line":17,"column":33}},"6":{"start":{"line":19,"column":6},"end":{"line":19,"column":53}},"7":{"start":{"line":24,"column":28},"end":{"line":24,"column":36}},"8":{"start":{"line":26,"column":4},"end":{"line":31,"column":5}},"9":{"start":{"line":27,"column":19},"end":{"line":27,"column":65}},"10":{"start":{"line":28,"column":6},"end":{"line":28,"column":33}},"11":{"start":{"line":30,"column":6},"end":{"line":30,"column":53}},"12":{"start":{"line":35,"column":23},"end":{"line":35,"column":33}},"13":{"start":{"line":37,"column":4},"end":{"line":42,"column":5}},"14":{"start":{"line":38,"column":6},"end":{"line":38,"column":48}},"15":{"start":{"line":39,"column":6},"end":{"line":39,"column":29}},"16":{"start":{"line":41,"column":6},"end":{"line":41,"column":53}},"17":{"start":{"line":46,"column":0},"end":{"line":46,"column":36}}},"fnMap":{"0":{"name":"(anonymous_1)","decl":{"start":{"line":8,"column":2},"end":{"line":8,"column":null}},"loc":{"start":{"line":8,"column":2},"end":{"line":10,"column":3}}},"1":{"name":"(anonymous_2)","decl":{"start":{"line":12,"column":2},"end":{"line":12,"column":7}},"loc":{"start":{"line":12,"column":44},"end":{"line":21,"column":3}}},"2":{"name":"(anonymous_3)","decl":{"start":{"line":23,"column":2},"end":{"line":23,"column":7}},"loc":{"start":{"line":23,"column":47},"end":{"line":32,"column":3}}},"3":{"name":"(anonymous_4)","decl":{"start":{"line":34,"column":2},"end":{"line":34,"column":7}},"loc":{"start":{"line":34,"column":47},"end":{"line":43,"column":3}}}},"branchMap":{},"s":{"0":1,"1":1,"2":2,"3":2,"4":2,"5":2,"6":0,"7":2,"8":2,"9":2,"10":1,"11":1,"12":1,"13":1,"14":1,"15":1,"16":0,"17":1},"f":{"0":1,"1":2,"2":2,"3":1},"b":{}}
,"/mnt/wsl/docker-desktop-bind-mounts/Ubuntu/852fc9a614ea644a3e7b04460fde53c69643abb3e2dcec68958905485c9154d1/src/controllers/userController.ts": {"path":"/mnt/wsl/docker-desktop-bind-mounts/Ubuntu/852fc9a614ea644a3e7b04460fde53c69643abb3e2dcec68958905485c9154d1/src/controllers/userController.ts","statementMap":{"0":{"start":{"line":2,"column":0},"end":{"line":2,"column":50}},"1":{"start":{"line":8,"column":4},"end":{"line":8,"column":41}},"2":{"start":{"line":12,"column":38},"end":{"line":12,"column":46}},"3":{"start":{"line":14,"column":4},"end":{"line":19,"column":5}},"4":{"start":{"line":15,"column":19},"end":{"line":15,"column":75}},"5":{"start":{"line":16,"column":6},"end":{"line":16,"column":33}},"6":{"start":{"line":18,"column":6},"end":{"line":18,"column":53}},"7":{"start":{"line":23,"column":0},"end":{"line":23,"column":36}}},"fnMap":{"0":{"name":"(anonymous_1)","decl":{"start":{"line":7,"column":2},"end":{"line":7,"column":null}},"loc":{"start":{"line":7,"column":2},"end":{"line":9,"column":3}}},"1":{"name":"(anonymous_2)","decl":{"start":{"line":11,"column":2},"end":{"line":11,"column":7}},"loc":{"start":{"line":11,"column":46},"end":{"line":20,"column":3}}}},"branchMap":{},"s":{"0":1,"1":1,"2":0,"3":0,"4":0,"5":0,"6":0,"7":1},"f":{"0":1,"1":0},"b":{}}
,"/mnt/wsl/docker-desktop-bind-mounts/Ubuntu/852fc9a614ea644a3e7b04460fde53c69643abb3e2dcec68958905485c9154d1/src/models/room.ts": {"path":"/mnt/wsl/docker-desktop-bind-mounts/Ubuntu/852fc9a614ea644a3e7b04460fde53c69643abb3e2dcec68958905485c9154d1/src/models/room.ts","statementMap":{"0":{"start":{"line":5,"column":4},"end":{"line":5,"column":21}},"1":{"start":{"line":1,"column":0},"end":{"line":1,"column":13}}},"fnMap":{"0":{"name":"(anonymous_0)","decl":{"start":{"line":4,"column":2},"end":{"line":4,"column":14}},"loc":{"start":{"line":4,"column":26},"end":{"line":6,"column":3}}}},"branchMap":{},"s":{"0":2,"1":1},"f":{"0":2},"b":{}}
,"/mnt/wsl/docker-desktop-bind-mounts/Ubuntu/852fc9a614ea644a3e7b04460fde53c69643abb3e2dcec68958905485c9154d1/src/models/time.ts": {"path":"/mnt/wsl/docker-desktop-bind-mounts/Ubuntu/852fc9a614ea644a3e7b04460fde53c69643abb3e2dcec68958905485c9154d1/src/models/time.ts","statementMap":{"0":{"start":{"line":8,"column":4},"end":{"line":8,"column":null}},"1":{"start":{"line":9,"column":4},"end":{"line":9,"column":23}},"2":{"start":{"line":10,"column":4},"end":{"line":10,"column":19}},"3":{"start":{"line":11,"column":4},"end":{"line":11,"column":25}},"4":{"start":{"line":1,"column":0},"end":{"line":1,"column":13}}},"fnMap":{"0":{"name":"(anonymous_0)","decl":{"start":{"line":7,"column":2},"end":{"line":7,"column":14}},"loc":{"start":{"line":7,"column":65},"end":{"line":12,"column":3}}}},"branchMap":{},"s":{"0":2,"1":2,"2":2,"3":2,"4":1},"f":{"0":2},"b":{}}
,"/mnt/wsl/docker-desktop-bind-mounts/Ubuntu/852fc9a614ea644a3e7b04460fde53c69643abb3e2dcec68958905485c9154d1/src/models/user.ts": {"path":"/mnt/wsl/docker-desktop-bind-mounts/Ubuntu/852fc9a614ea644a3e7b04460fde53c69643abb3e2dcec68958905485c9154d1/src/models/user.ts","statementMap":{"0":{"start":{"line":7,"column":4},"end":{"line":7,"column":21}},"1":{"start":{"line":8,"column":4},"end":{"line":8,"column":23}},"2":{"start":{"line":9,"column":4},"end":{"line":9,"column":29}},"3":{"start":{"line":1,"column":0},"end":{"line":1,"column":13}}},"fnMap":{"0":{"name":"(anonymous_0)","decl":{"start":{"line":6,"column":2},"end":{"line":6,"column":14}},"loc":{"start":{"line":6,"column":61},"end":{"line":10,"column":3}}}},"branchMap":{},"s":{"0":0,"1":0,"2":0,"3":1},"f":{"0":0},"b":{}}
,"/mnt/wsl/docker-desktop-bind-mounts/Ubuntu/852fc9a614ea644a3e7b04460fde53c69643abb3e2dcec68958905485c9154d1/src/repositories/roomRepository.ts": {"path":"/mnt/wsl/docker-desktop-bind-mounts/Ubuntu/852fc9a614ea644a3e7b04460fde53c69643abb3e2dcec68958905485c9154d1/src/repositories/roomRepository.ts","statementMap":{"0":{"start":{"line":3,"column":0},"end":{"line":3,"column":37}},"1":{"start":{"line":7,"column":4},"end":{"line":14,"column":7}},"2":{"start":{"line":18,"column":4},"end":{"line":32,"column":7}},"3":{"start":{"line":22,"column":37},"end":{"line":26,"column":12}},"4":{"start":{"line":36,"column":4},"end":{"line":40,"column":7}},"5":{"start":{"line":44,"column":0},"end":{"line":44,"column":30}}},"fnMap":{"0":{"name":"(anonymous_1)","decl":{"start":{"line":6,"column":2},"end":{"line":6,"column":7}},"loc":{"start":{"line":6,"column":30},"end":{"line":15,"column":3}}},"1":{"name":"(anonymous_2)","decl":{"start":{"line":17,"column":2},"end":{"line":17,"column":7}},"loc":{"start":{"line":17,"column":44},"end":{"line":33,"column":3}}},"2":{"name":"(anonymous_3)","decl":{"start":{"line":22,"column":28},"end":{"line":22,"column":32}},"loc":{"start":{"line":22,"column":37},"end":{"line":26,"column":12}}},"3":{"name":"(anonymous_4)","decl":{"start":{"line":35,"column":2},"end":{"line":35,"column":7}},"loc":{"start":{"line":35,"column":33},"end":{"line":41,"column":3}}}},"branchMap":{"0":{"loc":{"start":{"line":20,"column":14},"end":{"line":20,"column":29}},"type":"binary-expr","locations":[{"start":{"line":20,"column":14},"end":{"line":20,"column":23}},{"start":{"line":20,"column":27},"end":{"line":20,"column":29}}]}},"s":{"0":1,"1":2,"2":1,"3":2,"4":1,"5":1},"f":{"0":2,"1":1,"2":2,"3":1},"b":{"0":[1,0]}}
,"/mnt/wsl/docker-desktop-bind-mounts/Ubuntu/852fc9a614ea644a3e7b04460fde53c69643abb3e2dcec68958905485c9154d1/src/repositories/userRepository.ts": {"path":"/mnt/wsl/docker-desktop-bind-mounts/Ubuntu/852fc9a614ea644a3e7b04460fde53c69643abb3e2dcec68958905485c9154d1/src/repositories/userRepository.ts","statementMap":{"0":{"start":{"line":2,"column":0},"end":{"line":2,"column":37}},"1":{"start":{"line":6,"column":4},"end":{"line":12,"column":7}},"2":{"start":{"line":16,"column":4},"end":{"line":18,"column":7}},"3":{"start":{"line":22,"column":0},"end":{"line":22,"column":30}}},"fnMap":{"0":{"name":"(anonymous_1)","decl":{"start":{"line":5,"column":2},"end":{"line":5,"column":7}},"loc":{"start":{"line":5,"column":29},"end":{"line":13,"column":3}}},"1":{"name":"(anonymous_2)","decl":{"start":{"line":15,"column":2},"end":{"line":15,"column":7}},"loc":{"start":{"line":15,"column":37},"end":{"line":19,"column":3}}}},"branchMap":{"0":{"loc":{"start":{"line":9,"column":15},"end":{"line":9,"column":31}},"type":"binary-expr","locations":[{"start":{"line":9,"column":15},"end":{"line":9,"column":25}},{"start":{"line":9,"column":29},"end":{"line":9,"column":31}}]},"1":{"loc":{"start":{"line":10,"column":18},"end":{"line":10,"column":37}},"type":"binary-expr","locations":[{"start":{"line":10,"column":18},"end":{"line":10,"column":31}},{"start":{"line":10,"column":35},"end":{"line":10,"column":37}}]}},"s":{"0":1,"1":0,"2":0,"3":1},"f":{"0":0,"1":0},"b":{"0":[0,0],"1":[0,0]}}
,"/mnt/wsl/docker-desktop-bind-mounts/Ubuntu/852fc9a614ea644a3e7b04460fde53c69643abb3e2dcec68958905485c9154d1/src/routes/roomRoutes.ts": {"path":"/mnt/wsl/docker-desktop-bind-mounts/Ubuntu/852fc9a614ea644a3e7b04460fde53c69643abb3e2dcec68958905485c9154d1/src/routes/roomRoutes.ts","statementMap":{"0":{"start":{"line":1,"column":0},"end":{"line":1,"column":30}},"1":{"start":{"line":2,"column":0},"end":{"line":2,"column":59}},"2":{"start":{"line":4,"column":15},"end":{"line":4,"column":24}},"3":{"start":{"line":6,"column":0},"end":{"line":6,"column":71}},"4":{"start":{"line":6,"column":37},"end":{"line":6,"column":69}},"5":{"start":{"line":8,"column":0},"end":{"line":8,"column":68}},"6":{"start":{"line":8,"column":31},"end":{"line":8,"column":66}},"7":{"start":{"line":10,"column":0},"end":{"line":10,"column":77}},"8":{"start":{"line":10,"column":40},"end":{"line":10,"column":75}},"9":{"start":{"line":12,"column":0},"end":{"line":12,"column":22}}},"fnMap":{"0":{"name":"(anonymous_1)","decl":{"start":{"line":6,"column":23},"end":{"line":6,"column":24}},"loc":{"start":{"line":6,"column":37},"end":{"line":6,"column":69}}},"1":{"name":"(anonymous_2)","decl":{"start":{"line":8,"column":17},"end":{"line":8,"column":18}},"loc":{"start":{"line":8,"column":31},"end":{"line":8,"column":66}}},"2":{"name":"(anonymous_3)","decl":{"start":{"line":10,"column":26},"end":{"line":10,"column":27}},"loc":{"start":{"line":10,"column":40},"end":{"line":10,"column":75}}}},"branchMap":{},"s":{"0":1,"1":1,"2":1,"3":1,"4":2,"5":1,"6":2,"7":1,"8":1,"9":1},"f":{"0":2,"1":2,"2":1},"b":{}}
,"/mnt/wsl/docker-desktop-bind-mounts/Ubuntu/852fc9a614ea644a3e7b04460fde53c69643abb3e2dcec68958905485c9154d1/src/routes/userRoutes.ts": {"path":"/mnt/wsl/docker-desktop-bind-mounts/Ubuntu/852fc9a614ea644a3e7b04460fde53c69643abb3e2dcec68958905485c9154d1/src/routes/userRoutes.ts","statementMap":{"0":{"start":{"line":1,"column":0},"end":{"line":1,"column":30}},"1":{"start":{"line":2,"column":0},"end":{"line":2,"column":59}},"2":{"start":{"line":4,"column":15},"end":{"line":4,"column":24}},"3":{"start":{"line":6,"column":0},"end":{"line":6,"column":68}},"4":{"start":{"line":6,"column":31},"end":{"line":6,"column":66}},"5":{"start":{"line":8,"column":0},"end":{"line":8,"column":22}}},"fnMap":{"0":{"name":"(anonymous_1)","decl":{"start":{"line":6,"column":17},"end":{"line":6,"column":18}},"loc":{"start":{"line":6,"column":31},"end":{"line":6,"column":66}}}},"branchMap":{},"s":{"0":1,"1":1,"2":1,"3":1,"4":0,"5":1},"f":{"0":0},"b":{}}
,"/mnt/wsl/docker-desktop-bind-mounts/Ubuntu/852fc9a614ea644a3e7b04460fde53c69643abb3e2dcec68958905485c9154d1/src/services/roomService.ts": {"path":"/mnt/wsl/docker-desktop-bind-mounts/Ubuntu/852fc9a614ea644a3e7b04460fde53c69643abb3e2dcec68958905485c9154d1/src/services/roomService.ts","statementMap":{"0":{"start":{"line":1,"column":0},"end":{"line":1,"column":38}},"1":{"start":{"line":2,"column":0},"end":{"line":2,"column":38}},"2":{"start":{"line":3,"column":0},"end":{"line":3,"column":60}},"3":{"start":{"line":9,"column":4},"end":{"line":9,"column":47}},"4":{"start":{"line":13,"column":4},"end":{"line":13,"column":53}},"5":{"start":{"line":17,"column":17},"end":{"line":17,"column":31}},"6":{"start":{"line":18,"column":24},"end":{"line":24,"column":6}},"7":{"start":{"line":19,"column":6},"end":{"line":23,"column":8}},"8":{"start":{"line":26,"column":4},"end":{"line":26,"column":67}},"9":{"start":{"line":30,"column":4},"end":{"line":30,"column":49}},"10":{"start":{"line":34,"column":0},"end":{"line":34,"column":27}}},"fnMap":{"0":{"name":"(anonymous_1)","decl":{"start":{"line":8,"column":2},"end":{"line":8,"column":null}},"loc":{"start":{"line":8,"column":2},"end":{"line":10,"column":3}}},"1":{"name":"(anonymous_2)","decl":{"start":{"line":12,"column":2},"end":{"line":12,"column":7}},"loc":{"start":{"line":12,"column":30},"end":{"line":14,"column":3}}},"2":{"name":"(anonymous_3)","decl":{"start":{"line":16,"column":2},"end":{"line":16,"column":7}},"loc":{"start":{"line":16,"column":86},"end":{"line":27,"column":3}}},"3":{"name":"(anonymous_4)","decl":{"start":{"line":18,"column":34},"end":{"line":18,"column":35}},"loc":{"start":{"line":18,"column":43},"end":{"line":24,"column":5}}},"4":{"name":"(anonymous_5)","decl":{"start":{"line":29,"column":2},"end":{"line":29,"column":7}},"loc":{"start":{"line":29,"column":33},"end":{"line":31,"column":3}}}},"branchMap":{},"s":{"0":1,"1":1,"2":1,"3":1,"4":2,"5":2,"6":2,"7":2,"8":1,"9":1,"10":1},"f":{"0":1,"1":2,"2":2,"3":2,"4":1},"b":{}}
,"/mnt/wsl/docker-desktop-bind-mounts/Ubuntu/852fc9a614ea644a3e7b04460fde53c69643abb3e2dcec68958905485c9154d1/src/services/userService.ts": {"path":"/mnt/wsl/docker-desktop-bind-mounts/Ubuntu/852fc9a614ea644a3e7b04460fde53c69643abb3e2dcec68958905485c9154d1/src/services/userService.ts","statementMap":{"0":{"start":{"line":1,"column":0},"end":{"line":1,"column":38}},"1":{"start":{"line":2,"column":0},"end":{"line":2,"column":60}},"2":{"start":{"line":8,"column":4},"end":{"line":8,"column":47}},"3":{"start":{"line":12,"column":17},"end":{"line":12,"column":48}},"4":{"start":{"line":14,"column":4},"end":{"line":14,"column":54}},"5":{"start":{"line":18,"column":0},"end":{"line":18,"column":27}}},"fnMap":{"0":{"name":"(anonymous_1)","decl":{"start":{"line":7,"column":2},"end":{"line":7,"column":null}},"loc":{"start":{"line":7,"column":2},"end":{"line":9,"column":3}}},"1":{"name":"(anonymous_2)","decl":{"start":{"line":11,"column":2},"end":{"line":11,"column":7}},"loc":{"start":{"line":11,"column":66},"end":{"line":15,"column":3}}}},"branchMap":{},"s":{"0":1,"1":1,"2":1,"3":0,"4":0,"5":1},"f":{"0":1,"1":0},"b":{}}
,"/mnt/wsl/docker-desktop-bind-mounts/Ubuntu/852fc9a614ea644a3e7b04460fde53c69643abb3e2dcec68958905485c9154d1/src/utils/prisma.ts": {"path":"/mnt/wsl/docker-desktop-bind-mounts/Ubuntu/852fc9a614ea644a3e7b04460fde53c69643abb3e2dcec68958905485c9154d1/src/utils/prisma.ts","statementMap":{"0":{"start":{"line":1,"column":0},"end":{"line":1,"column":46}},"1":{"start":{"line":3,"column":15},"end":{"line":3,"column":33}},"2":{"start":{"line":5,"column":0},"end":{"line":5,"column":22}}},"fnMap":{},"branchMap":{},"s":{"0":1,"1":1,"2":1},"f":{},"b":{}}
}
